<?xml version="1.0" encoding="UTF-8"?>
<!-- Generated by org.testng.reporters.JUnitReportReporter -->
<testsuite hostname="DESKTOP-6UL5C5D" failures="0" tests="1" name="Maven.Maven_practice.TestingExtentReports" time="0.415" errors="0" timestamp="2021-05-09T00:30:18 IST" skipped="0">
  <testcase classname="Maven.Maven_practice.TestingExtentReports" name="test" time="0.415"/>
  <system-out/>
</testsuite> <!-- Maven.Maven_practice.TestingExtentReports -->
